d:\extraction\windows_lzma\release\win32\liblzma_dll\vc143.pdb
d:\extraction\windows_lzma\release\win32\liblzma_dll\easy_buffer_encoder.obj
d:\extraction\windows_lzma\release\win32\liblzma_dll\common.obj
d:\extraction\windows_lzma\release\win32\liblzma_dll\block_util.obj
d:\extraction\windows_lzma\release\win32\liblzma_dll\block_header_encoder.obj
d:\extraction\windows_lzma\release\win32\liblzma_dll\block_header_decoder.obj
d:\extraction\windows_lzma\release\win32\liblzma_dll\block_encoder.obj
d:\extraction\windows_lzma\release\win32\liblzma_dll\block_decoder.obj
d:\extraction\windows_lzma\release\win32\liblzma_dll\block_buffer_encoder.obj
d:\extraction\windows_lzma\release\win32\liblzma_dll\block_buffer_decoder.obj
d:\extraction\windows_lzma\release\win32\liblzma_dll\auto_decoder.obj
d:\extraction\windows_lzma\release\win32\liblzma_dll\alone_encoder.obj
d:\extraction\windows_lzma\release\win32\liblzma_dll\alone_decoder.obj
d:\extraction\windows_lzma\release\win32\liblzma_dll\sha256.obj
d:\extraction\windows_lzma\release\win32\liblzma_dll\crc64_table.obj
d:\extraction\windows_lzma\release\win32\liblzma_dll\crc64_fast.obj
d:\extraction\windows_lzma\release\win32\liblzma_dll\crc32_table.obj
d:\extraction\windows_lzma\release\win32\liblzma_dll\crc32_fast.obj
d:\extraction\windows_lzma\release\win32\liblzma_dll\check.obj
d:\extraction\windows_lzma\release\win32\liblzma_dll\tuklib_physmem.obj
d:\extraction\windows_lzma\release\win32\liblzma_dll\tuklib_cpucores.obj
d:\extraction\windows_lzma\release\win32\liblzma_dll\stream_buffer_encoder.obj
d:\extraction\windows_lzma\release\win32\liblzma_dll\stream_buffer_decoder.obj
d:\extraction\windows_lzma\release\win32\liblzma_dll\outqueue.obj
d:\extraction\windows_lzma\release\win32\liblzma_dll\index_hash.obj
d:\extraction\windows_lzma\release\win32\liblzma_dll\index_encoder.obj
d:\extraction\windows_lzma\release\win32\liblzma_dll\index_decoder.obj
d:\extraction\windows_lzma\release\win32\liblzma_dll\index.obj
d:\extraction\windows_lzma\release\win32\liblzma_dll\hardware_physmem.obj
d:\extraction\windows_lzma\release\win32\liblzma_dll\hardware_cputhreads.obj
d:\extraction\windows_lzma\release\win32\liblzma_dll\filter_flags_encoder.obj
d:\extraction\windows_lzma\release\win32\liblzma_dll\filter_flags_decoder.obj
d:\extraction\windows_lzma\release\win32\liblzma_dll\filter_encoder.obj
d:\extraction\windows_lzma\release\win32\liblzma_dll\filter_decoder.obj
d:\extraction\windows_lzma\release\win32\liblzma_dll\filter_common.obj
d:\extraction\windows_lzma\release\win32\liblzma_dll\filter_buffer_encoder.obj
d:\extraction\windows_lzma\release\win32\liblzma_dll\filter_buffer_decoder.obj
d:\extraction\windows_lzma\release\win32\liblzma_dll\easy_preset.obj
d:\extraction\windows_lzma\release\win32\liblzma_dll\easy_encoder_memusage.obj
d:\extraction\windows_lzma\release\win32\liblzma_dll\easy_encoder.obj
d:\extraction\windows_lzma\release\win32\liblzma_dll\easy_decoder_memusage.obj
d:\extraction\windows_lzma\release\win32\liblzma_dll\lzma_encoder_presets.obj
d:\extraction\windows_lzma\release\win32\liblzma_dll\lzma_encoder_optimum_normal.obj
d:\extraction\windows_lzma\release\win32\liblzma_dll\lzma_encoder_optimum_fast.obj
d:\extraction\windows_lzma\release\win32\liblzma_dll\lzma_encoder.obj
d:\extraction\windows_lzma\release\win32\liblzma_dll\lzma_decoder.obj
d:\extraction\windows_lzma\release\win32\liblzma_dll\lzma2_encoder.obj
d:\extraction\windows_lzma\release\win32\liblzma_dll\lzma2_decoder.obj
d:\extraction\windows_lzma\release\win32\liblzma_dll\fastpos_table.obj
d:\extraction\windows_lzma\release\win32\liblzma_dll\delta_encoder.obj
d:\extraction\windows_lzma\release\win32\liblzma_dll\delta_decoder.obj
d:\extraction\windows_lzma\release\win32\liblzma_dll\delta_common.obj
d:\extraction\windows_lzma\release\win32\liblzma_dll\vli_size.obj
d:\extraction\windows_lzma\release\win32\liblzma_dll\vli_encoder.obj
d:\extraction\windows_lzma\release\win32\liblzma_dll\vli_decoder.obj
d:\extraction\windows_lzma\release\win32\liblzma_dll\stream_flags_encoder.obj
d:\extraction\windows_lzma\release\win32\liblzma_dll\stream_flags_decoder.obj
d:\extraction\windows_lzma\release\win32\liblzma_dll\stream_flags_common.obj
d:\extraction\windows_lzma\release\win32\liblzma_dll\stream_encoder_mt.obj
d:\extraction\windows_lzma\release\win32\liblzma_dll\stream_encoder.obj
d:\extraction\windows_lzma\release\win32\liblzma_dll\stream_decoder.obj
d:\extraction\windows_lzma\release\win32\liblzma_dll\x86.obj
d:\extraction\windows_lzma\release\win32\liblzma_dll\sparc.obj
d:\extraction\windows_lzma\release\win32\liblzma_dll\simple_encoder.obj
d:\extraction\windows_lzma\release\win32\liblzma_dll\simple_decoder.obj
d:\extraction\windows_lzma\release\win32\liblzma_dll\simple_coder.obj
d:\extraction\windows_lzma\release\win32\liblzma_dll\powerpc.obj
d:\extraction\windows_lzma\release\win32\liblzma_dll\ia64.obj
d:\extraction\windows_lzma\release\win32\liblzma_dll\armthumb.obj
d:\extraction\windows_lzma\release\win32\liblzma_dll\arm.obj
d:\extraction\windows_lzma\release\win32\liblzma_dll\price_table.obj
d:\extraction\windows_lzma\release\win32\liblzma_dll\lz_encoder_mf.obj
d:\extraction\windows_lzma\release\win32\liblzma_dll\lz_encoder.obj
d:\extraction\windows_lzma\release\win32\liblzma_dll\lz_decoder.obj
d:\extraction\windows_lzma\release\win32\liblzma_dll\liblzma.lib
d:\extraction\windows_lzma\release\win32\liblzma_dll\liblzma.exp
d:\extraction\windows_lzma\release\win32\liblzma_dll\liblzma.dll
d:\extraction\windows_lzma\release\win32\liblzma_dll\liblzma.pdb
d:\extraction\windows_lzma\release\win32\liblzma_dll\liblzma_w32res.res
d:\extraction\windows_lzma\release\win32\liblzma_dll\liblzma_dll.tlog\cl.command.1.tlog
d:\extraction\windows_lzma\release\win32\liblzma_dll\liblzma_dll.tlog\cl.read.1.tlog
d:\extraction\windows_lzma\release\win32\liblzma_dll\liblzma_dll.tlog\cl.write.1.tlog
d:\extraction\windows_lzma\release\win32\liblzma_dll\liblzma_dll.tlog\liblzma_dll.write.1u.tlog
d:\extraction\windows_lzma\release\win32\liblzma_dll\liblzma_dll.tlog\link.command.1.tlog
d:\extraction\windows_lzma\release\win32\liblzma_dll\liblzma_dll.tlog\link.read.1.tlog
d:\extraction\windows_lzma\release\win32\liblzma_dll\liblzma_dll.tlog\link.write.1.tlog
d:\extraction\windows_lzma\release\win32\liblzma_dll\liblzma_dll.tlog\rc.command.1.tlog
d:\extraction\windows_lzma\release\win32\liblzma_dll\liblzma_dll.tlog\rc.read.1.tlog
d:\extraction\windows_lzma\release\win32\liblzma_dll\liblzma_dll.tlog\rc.write.1.tlog
